<?xml version="1.0" encoding="UTF-8"?>
<testng-results ignored="0" total="3" passed="3" failed="0" skipped="0">
  <reporter-output>
  </reporter-output>
  <suite started-at="2023-11-28T23:23:42 IST" name="Suite" finished-at="2023-11-28T23:23:45 IST" duration-ms="3129">
    <groups>
      <group name="cucumber">
        <method signature="AbstractTestNGCucumberTests.runScenario(io.cucumber.testng.PickleWrapper,io.cucumber.testng.FeatureWrapper)[pri:0, instance:testRunner.TestRunner@3c46e67a]" name="runScenario" class="io.cucumber.testng.AbstractTestNGCucumberTests"/>
      </group> <!-- cucumber -->
    </groups>
    <test started-at="2023-11-28T23:23:42 IST" name="Test" finished-at="2023-11-28T23:23:45 IST" duration-ms="3129">
      <class name="testRunner.TestRunner">
        <test-method is-config="true" signature="setUpClass(org.testng.ITestContext)[pri:0, instance:testRunner.TestRunner@3c46e67a]" started-at="2023-11-28T23:23:42 IST" name="setUpClass" finished-at="2023-11-28T23:23:42 IST" duration-ms="454" status="PASS">
          <params>
            <param index="0">
              <value>
                <![CDATA[org.testng.TestRunner@6df3e44c]]>
              </value>
            </param>
          </params>
          <reporter-output>
          </reporter-output>
        </test-method> <!-- setUpClass -->
        <test-method signature="runScenario(io.cucumber.testng.PickleWrapper,io.cucumber.testng.FeatureWrapper)[pri:0, instance:testRunner.TestRunner@3c46e67a]" started-at="2023-11-28T23:23:43 IST" name="runScenario" description="Runs Cucumber Scenarios" data-provider="scenarios" finished-at="2023-11-28T23:23:43 IST" duration-ms="98" status="PASS">
          <params>
            <param index="0">
              <value>
                <![CDATA["A) User login to Orange Hrm Application with valid credentials"]]>
              </value>
            </param>
            <param index="1">
              <value>
                <![CDATA["Check Login functionality of Orange Hrm Application"]]>
              </value>
            </param>
          </params>
          <reporter-output>
          </reporter-output>
        </test-method> <!-- runScenario -->
        <test-method signature="runScenario(io.cucumber.testng.PickleWrapper,io.cucumber.testng.FeatureWrapper)[pri:0, instance:testRunner.TestRunner@3c46e67a]" started-at="2023-11-28T23:23:43 IST" name="runScenario" description="Runs Cucumber Scenarios" data-provider="scenarios" finished-at="2023-11-28T23:23:43 IST" duration-ms="18" status="PASS">
          <params>
            <param index="0">
              <value>
                <![CDATA["B) User login to Orange Hrm Application with invalid credentials"]]>
              </value>
            </param>
            <param index="1">
              <value>
                <![CDATA["Check Login functionality of Orange Hrm Application"]]>
              </value>
            </param>
          </params>
          <reporter-output>
          </reporter-output>
        </test-method> <!-- runScenario -->
        <test-method signature="runScenario(io.cucumber.testng.PickleWrapper,io.cucumber.testng.FeatureWrapper)[pri:0, instance:testRunner.TestRunner@3c46e67a]" started-at="2023-11-28T23:23:43 IST" name="runScenario" description="Runs Cucumber Scenarios" data-provider="scenarios" finished-at="2023-11-28T23:23:43 IST" duration-ms="13" status="PASS">
          <params>
            <param index="0">
              <value>
                <![CDATA["C) Logout from Orange Hrm Application"]]>
              </value>
            </param>
            <param index="1">
              <value>
                <![CDATA["Check Login functionality of Orange Hrm Application"]]>
              </value>
            </param>
          </params>
          <reporter-output>
          </reporter-output>
        </test-method> <!-- runScenario -->
        <test-method is-config="true" signature="tearDownClass()[pri:0, instance:testRunner.TestRunner@3c46e67a]" started-at="2023-11-28T23:23:43 IST" name="tearDownClass" finished-at="2023-11-28T23:23:45 IST" duration-ms="2496" status="PASS">
          <reporter-output>
          </reporter-output>
        </test-method> <!-- tearDownClass -->
      </class> <!-- testRunner.TestRunner -->
    </test> <!-- Test -->
  </suite> <!-- Suite -->
</testng-results>
